<?xml version="1.0" encoding="UTF-8"?>
<!-- Generated by org.testng.reporters.JUnitReportReporter -->
<testsuite hostname="DESKTOP-LP7AJ40" failures="0" tests="1" name="testCaseSpiceJet.Tc_006_SelectFlightToBooking" time="27.105" errors="0" timestamp="2023-06-07T12:18:15 IST" skipped="0">
  <testcase classname="testCaseSpiceJet.Tc_006_SelectFlightToBooking" name="ticketBooking" time="27.105"/>
  <system-out/>
</testsuite> <!-- testCaseSpiceJet.Tc_006_SelectFlightToBooking -->
