<?xml version="1.0" encoding="UTF-8"?>
<!-- Generated by org.testng.reporters.JUnitReportReporter -->
<testsuite hostname="DESKTOP-LP7AJ40" failures="0" tests="1" name="testCaseSpiceJet.Tc_005_OneWayTrip" time="17.823" errors="0" timestamp="2023-06-07T13:01:07 IST" skipped="0">
  <testcase classname="testCaseSpiceJet.Tc_005_OneWayTrip" name="oneWayTrip" time="17.823"/>
  <system-out/>
</testsuite> <!-- testCaseSpiceJet.Tc_005_OneWayTrip -->
