<?xml version="1.0" encoding="UTF-8"?>
<!-- Generated by org.testng.reporters.JUnitReportReporter -->
<testsuite hostname="DESKTOP-LP7AJ40" failures="0" tests="1" name="testCaseSpiceJet.Tc_002_SignUp" time="0.000" errors="0" timestamp="2023-06-02T23:35:18 IST" skipped="1">
  <testcase classname="testCaseSpiceJet.Tc_002_SignUp" name="signUp" time="0.000">
    <skipped/>
  </testcase> <!-- signUp -->
  <system-out/>
</testsuite> <!-- testCaseSpiceJet.Tc_002_SignUp -->
