<?xml version="1.0" encoding="UTF-8"?>
<!-- Generated by org.testng.reporters.JUnitReportReporter -->
<testsuite hostname="DESKTOP-LP7AJ40" failures="0" tests="1" name="testCaseSpiceJet.Tc_009_BookungageValidatation" time="17.479" errors="0" timestamp="2023-06-05T00:30:08 IST" skipped="0">
  <testcase classname="testCaseSpiceJet.Tc_009_BookungageValidatation" name="manageBookingValidation" time="17.479"/>
  <system-out/>
</testsuite> <!-- testCaseSpiceJet.Tc_009_BookungageValidatation -->
