<?xml version="1.0" encoding="UTF-8"?>
<!-- Generated by org.testng.reporters.JUnitReportReporter -->
<testsuite hostname="DESKTOP-LP7AJ40" failures="0" tests="1" name="testCaseSpiceJet.Tc_007_FillPassengerPaymentInfo" time="45.102" errors="0" timestamp="2023-06-07T13:43:21 IST" skipped="0">
  <testcase classname="testCaseSpiceJet.Tc_007_FillPassengerPaymentInfo" name="dummyPassengerAndPaymentInfo" time="45.102"/>
  <system-out/>
</testsuite> <!-- testCaseSpiceJet.Tc_007_FillPassengerPaymentInfo -->
