<?xml version="1.0" encoding="UTF-8"?>
<!-- Generated by org.testng.reporters.JUnitReportReporter -->
<testsuite hostname="DESKTOP-LP7AJ40" failures="0" tests="1" name="testCaseSpiceJet.Tc_002_NavigateToSpiceJet" time="19.241" errors="0" timestamp="2023-06-06T10:33:14 IST" skipped="0">
  <testcase classname="testCaseSpiceJet.Tc_002_NavigateToSpiceJet" name="tc_01_navgatingToSpiceJetApp" time="19.241"/>
  <system-out/>
</testsuite> <!-- testCaseSpiceJet.Tc_002_NavigateToSpiceJet -->
