<?xml version="1.0" encoding="UTF-8"?>
<!-- Generated by org.testng.reporters.JUnitReportReporter -->
<testsuite hostname="DESKTOP-LP7AJ40" failures="0" tests="3" name="testCaseSpiceJet.Tc_009_BookingPageValidatations" time="51.030" errors="0" timestamp="2023-06-06T10:41:15 IST" skipped="0">
  <testcase classname="testCaseSpiceJet.Tc_009_BookingPageValidatations" name="checkInvalidation" time="18.076"/>
  <system-out/>
  <testcase classname="testCaseSpiceJet.Tc_009_BookingPageValidatations" name="manageBookingValidation" time="16.514"/>
  <system-out/>
  <testcase classname="testCaseSpiceJet.Tc_009_BookingPageValidatations" name="flightStatusValidation" time="16.440"/>
  <system-out/>
</testsuite> <!-- testCaseSpiceJet.Tc_009_BookingPageValidatations -->
