<?xml version="1.0" encoding="UTF-8"?>
<!-- Generated by org.testng.reporters.JUnitReportReporter -->
<testsuite hostname="DESKTOP-LP7AJ40" failures="0" tests="1" name="testCaseSpiceJet.Tc_005_RoundTrip" time="19.945" errors="0" timestamp="2023-06-07T13:00:27 IST" skipped="0">
  <testcase classname="testCaseSpiceJet.Tc_005_RoundTrip" name="roundTrip" time="19.945"/>
  <system-out/>
</testsuite> <!-- testCaseSpiceJet.Tc_005_RoundTrip -->
