<?xml version="1.0" encoding="UTF-8"?>
<!-- Generated by org.testng.reporters.JUnitReportReporter -->
<testsuite hostname="DESKTOP-LP7AJ40" failures="0" tests="1" name="testCaseSpiceJet.Tc_001_NavigateToSpiceJet" time="21.008" errors="0" timestamp="2023-06-02T16:02:18 IST" skipped="0">
  <testcase classname="testCaseSpiceJet.Tc_001_NavigateToSpiceJet" name="tc_01_navgatingToSpiceJetApp" time="21.008"/>
  <system-out/>
</testsuite> <!-- testCaseSpiceJet.Tc_001_NavigateToSpiceJet -->
